#-----------------------------------------------------------
# Vivado v2024.1 (64-bit)
# SW Build 5076996 on Wed May 22 18:37:14 MDT 2024
# IP Build 5075265 on Wed May 22 21:45:21 MDT 2024
# SharedData Build 5076995 on Wed May 22 18:29:18 MDT 2024
# Start of session at: Sat Nov 16 00:05:03 2024
# Process ID: 13536
# Current directory: D:/FPGA/Xilinx/Projects/RFID
# Command line: vivado.exe -mode tcl
# Log file: D:/FPGA/Xilinx/Projects/RFID/vivado.log
# Journal file: D:/FPGA/Xilinx/Projects/RFID\vivado.jou
# Running On        :Guy
# Platform          :Windows Server 2016 or Windows 10
# Operating System  :19045
# Processor Detail  :Intel(R) Core(TM) i7-4790 CPU @ 3.60GHz
# CPU Frequency     :3600 MHz
# CPU Physical cores:4
# CPU Logical cores :8
# Host memory       :16848 MB
# Swap memory       :2550 MB
# Total Virtual     :19398 MB
# Available Virtual :4101 MB
#-----------------------------------------------------------
Vivado% pwd
D:/FPGA/Xilinx/Projects/RFID
Vivado% cd Scripts
Vivado% pw
D:/FPGA/Xilinx/Projects/RFID/Scripts
Vivado% start invalid_keypress.mp3
WARNING: [Common 17-259] Unknown Tcl command 'start invalid_keypress.mp3' sending command to the OS shell for execution. It is recommended to use 'exec' to send the command to the OS shell.
Vivado% exec invalid_keypress.mp3
couldn't execute "invalid_keypress.mp3": no such file or directory
Vivado% exec invalid_keypress.mp3
couldn't execute "invalid_keypress.mp3": no such file or directory
Vivado% pwd
D:/FPGA/Xilinx/Projects/RFID/Scripts
Vivado% exec D:\\FPGA\\Xilinx\\Projects\\RFID\\Scripts\\invalid_keypress.mp3
couldn't execute "D:\FPGA\Xilinx\Projects\RFID\Scripts\invalid_keypress.mp3": no such file or directory
Vivado% start invalid_keypress.mp3
WARNING: [Common 17-259] Unknown Tcl command 'start invalid_keypress.mp3' sending command to the OS shell for execution. It is recommended to use 'exec' to send the command to the OS shell.
Vivado% pwd
D:/FPGA/Xilinx/Projects/RFID/Scripts
Vivado% start misc/fail_sound.bat
WARNING: [Common 17-259] Unknown Tcl command 'start misc/fail_sound.bat' sending command to the OS shell for execution. It is recommended to use 'exec' to send the command to the OS shell.
Vivado% start misc\\fail_sound.bat
WARNING: [Common 17-259] Unknown Tcl command 'start misc\fail_sound.bat' sending command to the OS shell for execution. It is recommended to use 'exec' to send the command to the OS shell.
Vivado% 