#-----------------------------------------------------------
# Vivado v2024.1 (64-bit)
# SW Build 5076996 on Wed May 22 18:37:14 MDT 2024
# IP Build 5075265 on Wed May 22 21:45:21 MDT 2024
# SharedData Build 5076995 on Wed May 22 18:29:18 MDT 2024
# Start of session at: Sat Nov 16 08:20:15 2024
# Process ID: 12920
# Current directory: d:/FPGA/Xilinx/Projects/RFID/Scripts
# Command line: vivado.exe -mode batch -source D:\FPGA\Xilinx\Projects\RFID\Scripts\generate_and_program.tcl
# Log file: d:/FPGA/Xilinx/Projects/RFID/Scripts/vivado.log
# Journal file: d:/FPGA/Xilinx/Projects/RFID/Scripts\vivado.jou
# Running On        :Guy
# Platform          :Windows Server 2016 or Windows 10
# Operating System  :19045
# Processor Detail  :Intel(R) Core(TM) i7-4790 CPU @ 3.60GHz
# CPU Frequency     :3600 MHz
# CPU Physical cores:4
# CPU Logical cores :8
# Host memory       :16848 MB
# Swap memory       :2550 MB
# Total Virtual     :19398 MB
# Available Virtual :9812 MB
#-----------------------------------------------------------
source {D:\FPGA\Xilinx\Projects\RFID\Scripts\generate_and_program.tcl}
# set proj RFID
# set projdir D:\\FPGA\\Xilinx\\Projects
# set rootdir ${projdir}\\${proj}
# set synth_logfile ${rootdir}\\${proj}.runs\\synth_1\\runme.log
# set impl_logfile ${rootdir}\\${proj}.runs\\impl_1\\runme.log
# set fail_sound misc\\fail_sound.bat
# set success_sound misc\\success_sound.bat
# open_project D:/FPGA/Xilinx/Projects/RFID/RFID.xpr
INFO: [filemgmt 56-3] Default IP Output Path : Could not find the directory 'D:/FPGA/Xilinx/Projects/RFID/RFID.gen/sources_1'.
Scanning sources...
Finished scanning sources
open_project: Time (s): cpu = 00:00:11 ; elapsed = 00:00:19 . Memory (MB): peak = 551.430 ; gain = 234.707
# reset_run synth_1
# launch_runs impl_1 -to_step write_bitstream -jobs 8
[Sat Nov 16 08:20:39 2024] Launched synth_1...
Run output will be captured here: D:/FPGA/Xilinx/Projects/RFID/RFID.runs/synth_1/runme.log
[Sat Nov 16 08:20:40 2024] Launched impl_1...
Run output will be captured here: D:/FPGA/Xilinx/Projects/RFID/RFID.runs/impl_1/runme.log
# while {true} {
#     set synth_failed 0
#     if { [file exists $synth_logfile] == 1} {               
#         set fp [open $synth_logfile r]
#         set file_data [read $fp]
#         close $fp
#         
#         set data [split $file_data "\n"]
#         foreach line $data {
#             if {[string first "ERROR" $line] != -1} {
#                 puts $line
#                 set synth_failed 1
#             }
#         }
#     }
#     if $synth_failed {
#         exec $fail_sound
#         exit
#     }
# 
#     if { [file exists $impl_logfile] == 1} {               
#         set fp [open $impl_logfile r]
#         set file_data [read $fp]
#         close $fp
#         if {[string first "write_bitstream completed successfully" $file_data] != -1} {
#             update_compile_order -fileset sources_1
#             exec $success_sound
#             break
#         }
#     }
# }
ERROR: [Synth 8-5826] no such design unit 'uartd' in library 'work' [D:/FPGA/Xilinx/Projects/RFID/RFID.srcs/sources_1/new/top.vhd:20]
ERROR: [Synth 8-285] failed synthesizing module 'top' [D:/FPGA/Xilinx/Projects/RFID/RFID.srcs/sources_1/new/top.vhd:12]
INFO: [Common 17-206] Exiting Vivado at Sat Nov 16 08:21:28 2024...
